<?xml version="1.0" encoding="UTF-8"?>
<testng-results skipped="0" failed="5" ignored="10" total="17" passed="2">
  <reporter-output>
  </reporter-output>
  <suite name="Suite" duration-ms="32574" started-at="2018-01-18T01:52:45Z" finished-at="2018-01-18T01:53:18Z">
    <groups>
    </groups>
    <test name="dominoFramework.test.DefaultPageTest" duration-ms="13196" started-at="2018-01-18T01:52:45Z" finished-at="2018-01-18T01:52:58Z">
      <class name="dominoFramework.test.DefaultPageTest">
        <test-method status="PASS" signature="setupTest()[pri:0, instance:dominoFramework.test.DefaultPageTest@6e1ec318]" name="setupTest" is-config="true" duration-ms="923" started-at="2018-01-17T20:52:45Z" finished-at="2018-01-17T20:52:46Z">
          <reporter-output>
          </reporter-output>
        </test-method> <!-- setupTest -->
        <test-method status="PASS" signature="setupTest()[pri:0, instance:dominoFramework.test.DefaultPageTest@6e1ec318]" name="setupTest" is-config="true" duration-ms="1111" started-at="2018-01-17T20:52:45Z" finished-at="2018-01-17T20:52:46Z">
          <reporter-output>
          </reporter-output>
        </test-method> <!-- setupTest -->
        <test-method status="FAIL" signature="ClickCarryOutButton()[pri:0, instance:dominoFramework.test.DefaultPageTest@6e1ec318]" name="ClickCarryOutButton" duration-ms="6074" started-at="2018-01-17T20:52:46Z" finished-at="2018-01-17T20:52:52Z">
          <exception class="org.openqa.selenium.WebDriverException">
            <message>
              <![CDATA[unknown error: Element <a class="btn btn--carryout js-carryout" href="/en/pages/order/#/locations/search/" data-method="..." data-quid="start-your-order-carryout">Carryout</a> is not clickable at point (1271, 73). Other element would receive the click: <h1 class="card__title">...</h1>  (Session info: chrome=63.0.3239.132)  (Driver info: chromedriver=2.34.522940 (1a76f96f66e3ca7b8e57d503b4dd3bccfba87af1),platform=Windows NT 10.0.16299 x86_64) (WARNING: The server did not provide any stacktrace information)Command duration or timeout: 0 millisecondsBuild info: version: '3.8.1', revision: '6e95a6684b', time: '2017-12-01T19:05:14.666Z'System info: host: 'DESKTOP-7DIC8F6', ip: '192.168.0.129', os.name: 'Windows 10', os.arch: 'amd64', os.version: '10.0', java.version: '1.8.0_152'Driver info: org.openqa.selenium.chrome.ChromeDriverCapabilities {acceptSslCerts: true, applicationCacheEnabled: false, browserConnectionEnabled: false, browserName: chrome, chrome: {chromedriverVersion: 2.34.522940 (1a76f96f66e3ca..., userDataDir: C:\Users\jwill\AppData\Loca...}, cssSelectorsEnabled: true, databaseEnabled: false, handlesAlerts: true, hasTouchScreen: false, javascriptEnabled: true, locationContextEnabled: true, mobileEmulationEnabled: false, nativeEvents: true, networkConnectionEnabled: false, pageLoadStrategy: normal, platform: XP, platformName: XP, rotatable: false, setWindowRect: true, takesHeapSnapshot: true, takesScreenshot: true, unexpectedAlertBehaviour: , unhandledPromptBehavior: , version: 63.0.3239.132, webStorageEnabled: true}Session ID: f81247ac9b6e9026dd9c7955950e3365]]>
            </message>
            <full-stacktrace>
              <![CDATA[org.openqa.selenium.WebDriverException: unknown error: Element <a class="btn btn--carryout js-carryout" href="/en/pages/order/#/locations/search/" data-method="..." data-quid="start-your-order-carryout">Carryout</a> is not clickable at point (1271, 73). Other element would receive the click: <h1 class="card__title">...</h1>  (Session info: chrome=63.0.3239.132)  (Driver info: chromedriver=2.34.522940 (1a76f96f66e3ca7b8e57d503b4dd3bccfba87af1),platform=Windows NT 10.0.16299 x86_64) (WARNING: The server did not provide any stacktrace information)Command duration or timeout: 0 millisecondsBuild info: version: '3.8.1', revision: '6e95a6684b', time: '2017-12-01T19:05:14.666Z'System info: host: 'DESKTOP-7DIC8F6', ip: '192.168.0.129', os.name: 'Windows 10', os.arch: 'amd64', os.version: '10.0', java.version: '1.8.0_152'Driver info: org.openqa.selenium.chrome.ChromeDriverCapabilities {acceptSslCerts: true, applicationCacheEnabled: false, browserConnectionEnabled: false, browserName: chrome, chrome: {chromedriverVersion: 2.34.522940 (1a76f96f66e3ca..., userDataDir: C:\Users\jwill\AppData\Loca...}, cssSelectorsEnabled: true, databaseEnabled: false, handlesAlerts: true, hasTouchScreen: false, javascriptEnabled: true, locationContextEnabled: true, mobileEmulationEnabled: false, nativeEvents: true, networkConnectionEnabled: false, pageLoadStrategy: normal, platform: XP, platformName: XP, rotatable: false, setWindowRect: true, takesHeapSnapshot: true, takesScreenshot: true, unexpectedAlertBehaviour: , unhandledPromptBehavior: , version: 63.0.3239.132, webStorageEnabled: true}Session ID: f81247ac9b6e9026dd9c7955950e3365at sun.reflect.NativeConstructorAccessorImpl.newInstance0(Native Method)at sun.reflect.NativeConstructorAccessorImpl.newInstance(Unknown Source)at sun.reflect.DelegatingConstructorAccessorImpl.newInstance(Unknown Source)at java.lang.reflect.Constructor.newInstance(Unknown Source)at org.openqa.selenium.remote.ErrorHandler.createThrowable(ErrorHandler.java:214)at org.openqa.selenium.remote.ErrorHandler.throwIfResponseFailed(ErrorHandler.java:166)at org.openqa.selenium.remote.http.JsonHttpResponseCodec.reconstructValue(JsonHttpResponseCodec.java:40)at org.openqa.selenium.remote.http.AbstractHttpResponseCodec.decode(AbstractHttpResponseCodec.java:80)at org.openqa.selenium.remote.http.AbstractHttpResponseCodec.decode(AbstractHttpResponseCodec.java:44)at org.openqa.selenium.remote.HttpCommandExecutor.execute(HttpCommandExecutor.java:164)at org.openqa.selenium.remote.service.DriverCommandExecutor.execute(DriverCommandExecutor.java:83)at org.openqa.selenium.remote.RemoteWebDriver.execute(RemoteWebDriver.java:601)at org.openqa.selenium.remote.RemoteWebElement.execute(RemoteWebElement.java:279)at org.openqa.selenium.remote.RemoteWebElement.click(RemoteWebElement.java:83)at sun.reflect.NativeMethodAccessorImpl.invoke0(Native Method)at sun.reflect.NativeMethodAccessorImpl.invoke(Unknown Source)at sun.reflect.DelegatingMethodAccessorImpl.invoke(Unknown Source)at java.lang.reflect.Method.invoke(Unknown Source)at org.openqa.selenium.support.pagefactory.internal.LocatingElementHandler.invoke(LocatingElementHandler.java:51)at com.sun.proxy.$Proxy10.click(Unknown Source)at dominoFramework.page.DefaultPage.clickCarryoutBtn(DefaultPage.java:60)at dominoFramework.test.DefaultPageTest.ClickCarryOutButton(DefaultPageTest.java:92)at sun.reflect.NativeMethodAccessorImpl.invoke0(Native Method)at sun.reflect.NativeMethodAccessorImpl.invoke(Unknown Source)at sun.reflect.DelegatingMethodAccessorImpl.invoke(Unknown Source)at java.lang.reflect.Method.invoke(Unknown Source)at org.testng.internal.MethodInvocationHelper.invokeMethod(MethodInvocationHelper.java:124)at org.testng.internal.Invoker.invokeMethod(Invoker.java:571)at org.testng.internal.Invoker.invokeTestMethod(Invoker.java:707)at org.testng.internal.Invoker.invokeTestMethods(Invoker.java:979)at org.testng.internal.TestMethodWorker.invokeTestMethods(TestMethodWorker.java:125)at org.testng.internal.TestMethodWorker.run(TestMethodWorker.java:109)at java.util.concurrent.ThreadPoolExecutor.runWorker(Unknown Source)at java.util.concurrent.ThreadPoolExecutor$Worker.run(Unknown Source)at java.lang.Thread.run(Unknown Source)]]>
            </full-stacktrace>
          </exception> <!-- org.openqa.selenium.WebDriverException -->
          <reporter-output>
          </reporter-output>
        </test-method> <!-- ClickCarryOutButton -->
        <test-method status="PASS" signature="ClickMainCoupon()[pri:0, instance:dominoFramework.test.DefaultPageTest@6e1ec318]" name="ClickMainCoupon" duration-ms="6127" started-at="2018-01-17T20:52:46Z" finished-at="2018-01-17T20:52:52Z">
          <reporter-output>
          </reporter-output>
        </test-method> <!-- ClickMainCoupon -->
        <test-method status="PASS" signature="setupTest()[pri:0, instance:dominoFramework.test.DefaultPageTest@6e1ec318]" name="setupTest" is-config="true" duration-ms="108" started-at="2018-01-17T20:52:52Z" finished-at="2018-01-17T20:52:52Z">
          <reporter-output>
          </reporter-output>
        </test-method> <!-- setupTest -->
        <test-method status="FAIL" signature="ClickDeliveryButton()[pri:0, instance:dominoFramework.test.DefaultPageTest@6e1ec318]" name="ClickDeliveryButton" duration-ms="6069" started-at="2018-01-17T20:52:52Z" finished-at="2018-01-17T20:52:58Z">
          <exception class="org.openqa.selenium.NoSuchElementException">
            <message>
              <![CDATA[no such element: Unable to locate element: {"method":"xpath","selector":"//a[@data-quid='start-your-order-delivery']"}  (Session info: chrome=63.0.3239.132)  (Driver info: chromedriver=2.34.522940 (1a76f96f66e3ca7b8e57d503b4dd3bccfba87af1),platform=Windows NT 10.0.16299 x86_64) (WARNING: The server did not provide any stacktrace information)Command duration or timeout: 0 millisecondsFor documentation on this error, please visit: http://seleniumhq.org/exceptions/no_such_element.htmlBuild info: version: '3.8.1', revision: '6e95a6684b', time: '2017-12-01T19:05:14.666Z'System info: host: 'DESKTOP-7DIC8F6', ip: '192.168.0.129', os.name: 'Windows 10', os.arch: 'amd64', os.version: '10.0', java.version: '1.8.0_152'Driver info: org.openqa.selenium.chrome.ChromeDriverCapabilities {acceptSslCerts: true, applicationCacheEnabled: false, browserConnectionEnabled: false, browserName: chrome, chrome: {chromedriverVersion: 2.34.522940 (1a76f96f66e3ca..., userDataDir: C:\Users\jwill\AppData\Loca...}, cssSelectorsEnabled: true, databaseEnabled: false, handlesAlerts: true, hasTouchScreen: false, javascriptEnabled: true, locationContextEnabled: true, mobileEmulationEnabled: false, nativeEvents: true, networkConnectionEnabled: false, pageLoadStrategy: normal, platform: XP, platformName: XP, rotatable: false, setWindowRect: true, takesHeapSnapshot: true, takesScreenshot: true, unexpectedAlertBehaviour: , unhandledPromptBehavior: , version: 63.0.3239.132, webStorageEnabled: true}Session ID: f81247ac9b6e9026dd9c7955950e3365*** Element info: {Using=xpath, value=//a[@data-quid='start-your-order-delivery']}]]>
            </message>
            <full-stacktrace>
              <![CDATA[org.openqa.selenium.NoSuchElementException: no such element: Unable to locate element: {"method":"xpath","selector":"//a[@data-quid='start-your-order-delivery']"}  (Session info: chrome=63.0.3239.132)  (Driver info: chromedriver=2.34.522940 (1a76f96f66e3ca7b8e57d503b4dd3bccfba87af1),platform=Windows NT 10.0.16299 x86_64) (WARNING: The server did not provide any stacktrace information)Command duration or timeout: 0 millisecondsFor documentation on this error, please visit: http://seleniumhq.org/exceptions/no_such_element.htmlBuild info: version: '3.8.1', revision: '6e95a6684b', time: '2017-12-01T19:05:14.666Z'System info: host: 'DESKTOP-7DIC8F6', ip: '192.168.0.129', os.name: 'Windows 10', os.arch: 'amd64', os.version: '10.0', java.version: '1.8.0_152'Driver info: org.openqa.selenium.chrome.ChromeDriverCapabilities {acceptSslCerts: true, applicationCacheEnabled: false, browserConnectionEnabled: false, browserName: chrome, chrome: {chromedriverVersion: 2.34.522940 (1a76f96f66e3ca..., userDataDir: C:\Users\jwill\AppData\Loca...}, cssSelectorsEnabled: true, databaseEnabled: false, handlesAlerts: true, hasTouchScreen: false, javascriptEnabled: true, locationContextEnabled: true, mobileEmulationEnabled: false, nativeEvents: true, networkConnectionEnabled: false, pageLoadStrategy: normal, platform: XP, platformName: XP, rotatable: false, setWindowRect: true, takesHeapSnapshot: true, takesScreenshot: true, unexpectedAlertBehaviour: , unhandledPromptBehavior: , version: 63.0.3239.132, webStorageEnabled: true}Session ID: f81247ac9b6e9026dd9c7955950e3365*** Element info: {Using=xpath, value=//a[@data-quid='start-your-order-delivery']}at sun.reflect.NativeConstructorAccessorImpl.newInstance0(Native Method)at sun.reflect.NativeConstructorAccessorImpl.newInstance(Unknown Source)at sun.reflect.DelegatingConstructorAccessorImpl.newInstance(Unknown Source)at java.lang.reflect.Constructor.newInstance(Unknown Source)at org.openqa.selenium.remote.ErrorHandler.createThrowable(ErrorHandler.java:214)at org.openqa.selenium.remote.ErrorHandler.throwIfResponseFailed(ErrorHandler.java:166)at org.openqa.selenium.remote.http.JsonHttpResponseCodec.reconstructValue(JsonHttpResponseCodec.java:40)at org.openqa.selenium.remote.http.AbstractHttpResponseCodec.decode(AbstractHttpResponseCodec.java:80)at org.openqa.selenium.remote.http.AbstractHttpResponseCodec.decode(AbstractHttpResponseCodec.java:44)at org.openqa.selenium.remote.HttpCommandExecutor.execute(HttpCommandExecutor.java:164)at org.openqa.selenium.remote.service.DriverCommandExecutor.execute(DriverCommandExecutor.java:83)at org.openqa.selenium.remote.RemoteWebDriver.execute(RemoteWebDriver.java:601)at org.openqa.selenium.remote.RemoteWebDriver.findElement(RemoteWebDriver.java:371)at org.openqa.selenium.remote.RemoteWebDriver.findElementByXPath(RemoteWebDriver.java:473)at org.openqa.selenium.By$ByXPath.findElement(By.java:361)at org.openqa.selenium.remote.RemoteWebDriver.findElement(RemoteWebDriver.java:363)at org.openqa.selenium.support.pagefactory.DefaultElementLocator.findElement(DefaultElementLocator.java:69)at org.openqa.selenium.support.pagefactory.internal.LocatingElementHandler.invoke(LocatingElementHandler.java:38)at com.sun.proxy.$Proxy10.click(Unknown Source)at dominoFramework.page.DefaultPage.clickDeliveryBtn(DefaultPage.java:45)at dominoFramework.test.DefaultPageTest.ClickDeliveryButton(DefaultPageTest.java:75)at sun.reflect.NativeMethodAccessorImpl.invoke0(Native Method)at sun.reflect.NativeMethodAccessorImpl.invoke(Unknown Source)at sun.reflect.DelegatingMethodAccessorImpl.invoke(Unknown Source)at java.lang.reflect.Method.invoke(Unknown Source)at org.testng.internal.MethodInvocationHelper.invokeMethod(MethodInvocationHelper.java:124)at org.testng.internal.Invoker.invokeMethod(Invoker.java:571)at org.testng.internal.Invoker.invokeTestMethod(Invoker.java:707)at org.testng.internal.Invoker.invokeTestMethods(Invoker.java:979)at org.testng.internal.TestMethodWorker.invokeTestMethods(TestMethodWorker.java:125)at org.testng.internal.TestMethodWorker.run(TestMethodWorker.java:109)at java.util.concurrent.ThreadPoolExecutor.runWorker(Unknown Source)at java.util.concurrent.ThreadPoolExecutor$Worker.run(Unknown Source)at java.lang.Thread.run(Unknown Source)]]>
            </full-stacktrace>
          </exception> <!-- org.openqa.selenium.NoSuchElementException -->
          <reporter-output>
          </reporter-output>
        </test-method> <!-- ClickDeliveryButton -->
        <test-method status="PASS" signature="setupTest()[pri:0, instance:dominoFramework.test.DefaultPageTest@6e1ec318]" name="setupTest" is-config="true" duration-ms="91" started-at="2018-01-17T20:52:52Z" finished-at="2018-01-17T20:52:52Z">
          <reporter-output>
          </reporter-output>
        </test-method> <!-- setupTest -->
        <test-method status="FAIL" signature="ClickSideTopCoupon()[pri:0, instance:dominoFramework.test.DefaultPageTest@6e1ec318]" name="ClickSideTopCoupon" duration-ms="3415" started-at="2018-01-17T20:52:52Z" finished-at="2018-01-17T20:52:56Z">
          <exception class="java.lang.AssertionError">
            <message>
              <![CDATA[expected:<https://www.dominos.com/en/> but was:<https://www.dominos.com/en/pages/order/?couponCode_0=9204&partnerCode=DOMINOS&so=hp&panelname=899pan&panelnumber=2>]]>
            </message>
            <full-stacktrace>
              <![CDATA[java.lang.AssertionError: expected:<https://www.dominos.com/en/> but was:<https://www.dominos.com/en/pages/order/?couponCode_0=9204&partnerCode=DOMINOS&so=hp&panelname=899pan&panelnumber=2>at org.testng.AssertJUnit.assertEquals(AssertJUnit.java:101)at org.testng.AssertJUnit.assertEquals(AssertJUnit.java:108)at dominoFramework.test.DefaultPageTest.ClickSideTopCoupon(DefaultPageTest.java:41)at sun.reflect.NativeMethodAccessorImpl.invoke0(Native Method)at sun.reflect.NativeMethodAccessorImpl.invoke(Unknown Source)at sun.reflect.DelegatingMethodAccessorImpl.invoke(Unknown Source)at java.lang.reflect.Method.invoke(Unknown Source)at org.testng.internal.MethodInvocationHelper.invokeMethod(MethodInvocationHelper.java:124)at org.testng.internal.Invoker.invokeMethod(Invoker.java:571)at org.testng.internal.Invoker.invokeTestMethod(Invoker.java:707)at org.testng.internal.Invoker.invokeTestMethods(Invoker.java:979)at org.testng.internal.TestMethodWorker.invokeTestMethods(TestMethodWorker.java:125)at org.testng.internal.TestMethodWorker.run(TestMethodWorker.java:109)at java.util.concurrent.ThreadPoolExecutor.runWorker(Unknown Source)at java.util.concurrent.ThreadPoolExecutor$Worker.run(Unknown Source)at java.lang.Thread.run(Unknown Source)]]>
            </full-stacktrace>
          </exception> <!-- java.lang.AssertionError -->
          <reporter-output>
          </reporter-output>
        </test-method> <!-- ClickSideTopCoupon -->
      </class> <!-- dominoFramework.test.DefaultPageTest -->
    </test> <!-- dominoFramework.test.DefaultPageTest -->
    <test name="dominoFramework.test.CreatePizzaProfileTest" duration-ms="19348" started-at="2018-01-18T01:52:58Z" finished-at="2018-01-18T01:53:18Z">
      <class name="dominoFramework.test.CreatePizzaProfileTest">
        <test-method status="PASS" signature="init()[pri:0, instance:dominoFramework.test.CreatePizzaProfileTest@6c3708b3]" name="init" is-config="true" duration-ms="3475" started-at="2018-01-17T20:52:42Z" finished-at="2018-01-17T20:52:45Z">
          <reporter-output>
          </reporter-output>
        </test-method> <!-- init -->
        <test-method status="PASS" signature="setupTest()[pri:0, instance:dominoFramework.test.CreatePizzaProfileTest@6c3708b3]" name="setupTest" is-config="true" duration-ms="595" started-at="2018-01-17T20:52:58Z" finished-at="2018-01-17T20:52:59Z">
          <reporter-output>
          </reporter-output>
        </test-method> <!-- setupTest -->
        <test-method status="PASS" signature="setupTest()[pri:0, instance:dominoFramework.test.CreatePizzaProfileTest@6c3708b3]" name="setupTest" is-config="true" duration-ms="287" started-at="2018-01-17T20:52:58Z" finished-at="2018-01-17T20:52:59Z">
          <reporter-output>
          </reporter-output>
        </test-method> <!-- setupTest -->
        <test-method status="FAIL" signature="enterEmail()[pri:0, instance:dominoFramework.test.CreatePizzaProfileTest@6c3708b3]" name="enterEmail" duration-ms="6335" started-at="2018-01-17T20:52:59Z" finished-at="2018-01-17T20:53:05Z">
          <exception class="java.lang.AssertionError">
            <message>
              <![CDATA[expected:<That email is totally wrong and so is this.> but was:<Please enter a valid email address.>]]>
            </message>
            <full-stacktrace>
              <![CDATA[java.lang.AssertionError: expected:<That email is totally wrong and so is this.> but was:<Please enter a valid email address.>at org.testng.AssertJUnit.assertEquals(AssertJUnit.java:101)at org.testng.AssertJUnit.assertEquals(AssertJUnit.java:108)at dominoFramework.test.CreatePizzaProfileTest.enterEmail(CreatePizzaProfileTest.java:62)at sun.reflect.NativeMethodAccessorImpl.invoke0(Native Method)at sun.reflect.NativeMethodAccessorImpl.invoke(Unknown Source)at sun.reflect.DelegatingMethodAccessorImpl.invoke(Unknown Source)at java.lang.reflect.Method.invoke(Unknown Source)at org.testng.internal.MethodInvocationHelper.invokeMethod(MethodInvocationHelper.java:124)at org.testng.internal.Invoker.invokeMethod(Invoker.java:571)at org.testng.internal.Invoker.invokeTestMethod(Invoker.java:707)at org.testng.internal.Invoker.invokeTestMethods(Invoker.java:979)at org.testng.internal.TestMethodWorker.invokeTestMethods(TestMethodWorker.java:125)at org.testng.internal.TestMethodWorker.run(TestMethodWorker.java:109)at java.util.concurrent.ThreadPoolExecutor.runWorker(Unknown Source)at java.util.concurrent.ThreadPoolExecutor$Worker.run(Unknown Source)at java.lang.Thread.run(Unknown Source)]]>
            </full-stacktrace>
          </exception> <!-- java.lang.AssertionError -->
          <reporter-output>
          </reporter-output>
        </test-method> <!-- enterEmail -->
        <test-method status="FAIL" signature="enterFirstName()[pri:0, instance:dominoFramework.test.CreatePizzaProfileTest@6c3708b3]" name="enterFirstName" duration-ms="15175" started-at="2018-01-17T20:52:59Z" finished-at="2018-01-17T20:53:14Z">
          <exception class="java.lang.AssertionError">
            <message>
              <![CDATA[expected:<Bob> but was:<>]]>
            </message>
            <full-stacktrace>
              <![CDATA[java.lang.AssertionError: expected:<Bob> but was:<>at org.testng.AssertJUnit.assertEquals(AssertJUnit.java:101)at org.testng.AssertJUnit.assertEquals(AssertJUnit.java:108)at dominoFramework.test.CreatePizzaProfileTest.enterFirstName(CreatePizzaProfileTest.java:39)at sun.reflect.NativeMethodAccessorImpl.invoke0(Native Method)at sun.reflect.NativeMethodAccessorImpl.invoke(Unknown Source)at sun.reflect.DelegatingMethodAccessorImpl.invoke(Unknown Source)at java.lang.reflect.Method.invoke(Unknown Source)at org.testng.internal.MethodInvocationHelper.invokeMethod(MethodInvocationHelper.java:124)at org.testng.internal.Invoker.invokeMethod(Invoker.java:571)at org.testng.internal.Invoker.invokeTestMethod(Invoker.java:707)at org.testng.internal.Invoker.invokeTestMethods(Invoker.java:979)at org.testng.internal.TestMethodWorker.invokeTestMethods(TestMethodWorker.java:125)at org.testng.internal.TestMethodWorker.run(TestMethodWorker.java:109)at java.util.concurrent.ThreadPoolExecutor.runWorker(Unknown Source)at java.util.concurrent.ThreadPoolExecutor$Worker.run(Unknown Source)at java.lang.Thread.run(Unknown Source)]]>
            </full-stacktrace>
          </exception> <!-- java.lang.AssertionError -->
          <reporter-output>
          </reporter-output>
        </test-method> <!-- enterFirstName -->
        <test-method status="PASS" signature="setupTest()[pri:0, instance:dominoFramework.test.CreatePizzaProfileTest@6c3708b3]" name="setupTest" is-config="true" duration-ms="270" started-at="2018-01-17T20:53:05Z" finished-at="2018-01-17T20:53:05Z">
          <reporter-output>
          </reporter-output>
        </test-method> <!-- setupTest -->
        <test-method status="PASS" signature="enterBothEmailFields()[pri:0, instance:dominoFramework.test.CreatePizzaProfileTest@6c3708b3]" name="enterBothEmailFields" duration-ms="12449" started-at="2018-01-17T20:53:05Z" finished-at="2018-01-17T20:53:18Z">
          <reporter-output>
          </reporter-output>
        </test-method> <!-- enterBothEmailFields -->
        <test-method status="PASS" signature="tearDown()[pri:0, instance:dominoFramework.test.CreatePizzaProfileTest@6c3708b3]" name="tearDown" is-config="true" duration-ms="674" started-at="2018-01-17T20:53:18Z" finished-at="2018-01-17T20:53:18Z">
          <reporter-output>
          </reporter-output>
        </test-method> <!-- tearDown -->
      </class> <!-- dominoFramework.test.CreatePizzaProfileTest -->
    </test> <!-- dominoFramework.test.CreatePizzaProfileTest -->
  </suite> <!-- Suite -->
</testng-results>
